mode: atomic
bruno-site/cache/cache.go:19.58,24.2 1 0
bruno-site/cache/cache.go:52.83,54.16 2 0
bruno-site/cache/cache.go:54.16,56.3 1 0
bruno-site/cache/cache.go:58.2,58.54 1 0
bruno-site/cache/cache.go:62.64,64.16 2 0
bruno-site/cache/cache.go:64.16,65.23 1 0
bruno-site/cache/cache.go:65.23,67.4 1 0
bruno-site/cache/cache.go:68.3,68.57 1 0
bruno-site/cache/cache.go:71.2,71.42 1 0
bruno-site/cache/cache.go:75.49,77.2 1 0
bruno-site/cache/cache.go:80.60,82.16 2 0
bruno-site/cache/cache.go:82.16,84.3 1 0
bruno-site/cache/cache.go:86.2,86.19 1 0
bruno-site/cache/cache.go:86.19,88.3 1 0
bruno-site/cache/cache.go:90.2,90.12 1 0
bruno-site/cache/cache.go:94.48,96.2 1 0
bruno-site/cache/cache.go:99.127,102.16 2 0
bruno-site/cache/cache.go:102.16,104.3 1 0
bruno-site/cache/cache.go:107.2,108.16 2 0
bruno-site/cache/cache.go:108.16,110.3 1 0
bruno-site/cache/cache.go:113.2,113.46 1 0
bruno-site/cache/cache.go:113.46,116.3 1 0
bruno-site/cache/cache.go:119.2,119.62 1 0
bruno-site/cache/cache.go:123.54,125.2 1 0
bruno-site/cache/cache.go:128.56,130.2 1 0
bruno-site/cache/cache.go:133.58,135.2 1 0
bruno-site/cache/cache.go:138.55,140.2 1 0
bruno-site/cache/cache.go:143.51,145.2 1 0
bruno-site/cache/cache.go:148.39,150.2 1 0
bruno-site/cache/cache.go:153.64,155.16 2 0
bruno-site/cache/cache.go:155.16,157.3 1 0
bruno-site/cache/cache.go:160.2,165.19 2 0
bruno-site/cdn/cdn.go:16.76,22.2 1 0
bruno-site/cdn/cdn.go:25.59,26.35 1 0
bruno-site/cdn/cdn.go:26.35,28.3 1 0
bruno-site/cdn/cdn.go:31.2,31.40 1 0
bruno-site/cdn/cdn.go:31.40,33.3 1 0
bruno-site/cdn/cdn.go:36.2,38.48 2 0
bruno-site/cdn/cdn.go:42.93,43.16 1 0
bruno-site/cdn/cdn.go:43.16,45.3 1 0
bruno-site/cdn/cdn.go:49.2,49.45 1 0
bruno-site/cdn/cdn.go:49.45,52.3 2 0
bruno-site/cdn/cdn.go:54.2,54.33 1 0
bruno-site/cdn/cdn.go:58.58,59.16 1 0
bruno-site/cdn/cdn.go:59.16,63.3 1 0
bruno-site/cdn/cdn.go:65.2,68.3 1 0
bruno-site/cdn/cdn.go:72.39,74.2 1 0
bruno-site/cdn/cdn.go:77.42,79.2 1 0
bruno-site/cdn/cloudflare.go:45.99,56.2 1 0
bruno-site/cdn/cloudflare.go:59.62,60.34 1 0
bruno-site/cdn/cloudflare.go:60.34,62.3 1 0
bruno-site/cdn/cloudflare.go:65.2,65.40 1 0
bruno-site/cdn/cloudflare.go:65.40,67.3 1 0
bruno-site/cdn/cloudflare.go:70.2,70.57 1 0
bruno-site/cdn/cloudflare.go:74.96,75.16 1 0
bruno-site/cdn/cloudflare.go:75.16,77.3 1 0
bruno-site/cdn/cloudflare.go:80.2,80.45 1 0
bruno-site/cdn/cloudflare.go:80.45,84.3 2 0
bruno-site/cdn/cloudflare.go:86.2,86.33 1 0
bruno-site/cdn/cloudflare.go:90.61,91.16 1 0
bruno-site/cdn/cloudflare.go:91.16,95.3 1 0
bruno-site/cdn/cloudflare.go:97.2,105.3 1 0
bruno-site/cdn/cloudflare.go:109.75,110.54 1 0
bruno-site/cdn/cloudflare.go:110.54,112.3 1 0
bruno-site/cdn/cloudflare.go:114.2,117.16 3 0
bruno-site/cdn/cloudflare.go:117.16,119.3 1 0
bruno-site/cdn/cloudflare.go:121.2,122.16 2 0
bruno-site/cdn/cloudflare.go:122.16,124.3 1 0
bruno-site/cdn/cloudflare.go:126.2,130.16 4 0
bruno-site/cdn/cloudflare.go:130.16,132.3 1 0
bruno-site/cdn/cloudflare.go:133.2,136.16 3 0
bruno-site/cdn/cloudflare.go:136.16,138.3 1 0
bruno-site/cdn/cloudflare.go:140.2,141.57 2 0
bruno-site/cdn/cloudflare.go:141.57,143.3 1 0
bruno-site/cdn/cloudflare.go:145.2,145.24 1 0
bruno-site/cdn/cloudflare.go:145.24,146.32 1 0
bruno-site/cdn/cloudflare.go:146.32,148.4 1 0
bruno-site/cdn/cloudflare.go:149.3,149.62 1 0
bruno-site/cdn/cloudflare.go:152.2,152.12 1 0
bruno-site/cdn/cloudflare.go:156.47,160.2 1 0
bruno-site/cdn/cloudflare.go:163.58,167.2 1 0
bruno-site/cdn/cloudflare.go:170.58,174.2 1 0
bruno-site/cdn/cloudflare.go:177.42,179.2 1 0
bruno-site/cdn/cloudflare.go:182.44,184.2 1 0
bruno-site/cdn/cloudflare.go:187.44,189.2 1 0
bruno-site/cdn/cloudflare.go:192.40,193.16 1 0
bruno-site/cdn/cloudflare.go:193.16,195.3 1 0
bruno-site/cdn/cloudflare.go:197.2,197.40 1 0
bruno-site/cdn/cloudflare.go:197.40,199.3 1 0
bruno-site/cdn/cloudflare.go:202.2,204.16 3 0
bruno-site/cdn/cloudflare.go:204.16,206.3 1 0
bruno-site/cdn/cloudflare.go:208.2,211.16 3 0
bruno-site/cdn/cloudflare.go:211.16,213.3 1 0
bruno-site/cdn/cloudflare.go:214.2,216.38 2 0
bruno-site/cdn/cloudflare.go:216.38,218.3 1 0
bruno-site/cdn/cloudflare.go:220.2,220.12 1 0
bruno-site/database/database.go:12.55,13.23 1 0
bruno-site/database/database.go:13.23,15.3 1 0
bruno-site/database/database.go:17.2,18.16 2 0
bruno-site/database/database.go:18.16,20.3 1 0
bruno-site/database/database.go:23.2,24.16 2 0
bruno-site/database/database.go:24.16,26.3 1 0
bruno-site/database/database.go:29.2,34.16 5 0
bruno-site/database/redis.go:13.62,14.20 1 0
bruno-site/database/redis.go:14.20,16.3 1 0
bruno-site/database/redis.go:19.2,20.16 2 0
bruno-site/database/redis.go:20.16,22.3 1 0
bruno-site/database/redis.go:25.2,29.34 3 0
bruno-site/database/redis.go:29.34,31.48 2 0
bruno-site/database/redis.go:31.48,34.24 3 0
bruno-site/database/redis.go:34.24,36.5 1 0
bruno-site/database/redis.go:37.9,41.4 3 0
bruno-site/database/redis.go:44.2,44.84 1 0
bruno-site/config/config.go:38.21,60.2 1 0
bruno-site/config/config.go:62.55,63.42 1 0
bruno-site/config/config.go:63.42,65.3 1 0
bruno-site/config/config.go:66.2,66.21 1 0
bruno-site/config/config.go:69.58,70.42 1 0
bruno-site/config/config.go:70.42,71.53 1 0
bruno-site/config/config.go:71.53,73.4 1 0
bruno-site/config/config.go:75.2,75.21 1 0
bruno-site/storage/minio.go:22.67,28.16 2 0
bruno-site/storage/minio.go:28.16,30.3 1 0
bruno-site/storage/minio.go:32.2,37.8 2 0
bruno-site/storage/minio.go:41.111,44.16 2 0
bruno-site/storage/minio.go:44.16,46.3 1 0
bruno-site/storage/minio.go:49.2,50.16 2 0
bruno-site/storage/minio.go:50.16,53.3 2 0
bruno-site/storage/minio.go:55.2,55.49 1 0
bruno-site/storage/minio.go:59.81,62.2 2 0
bruno-site/router/router.go:19.118,62.2 11 0
bruno-site/router/router.go:62.2,65.3 2 0
bruno-site/router/router.go:65.3,71.4 5 0
bruno-site/router/router.go:74.3,75.3 2 0
bruno-site/router/router.go:75.3,81.4 5 0
bruno-site/router/router.go:84.3,85.3 2 0
bruno-site/router/router.go:85.3,91.4 5 0
bruno-site/router/router.go:94.3,95.3 2 0
bruno-site/router/router.go:95.3,101.4 5 0
bruno-site/router/router.go:104.3,112.25 5 0
bruno-site/router/router.go:112.25,114.4 1 0
bruno-site/router/router.go:117.3,118.3 2 0
bruno-site/router/router.go:118.3,123.4 4 0
bruno-site/router/router.go:126.3,127.3 2 0
bruno-site/router/router.go:127.3,140.4 7 0
bruno-site/router/router.go:143.2,143.10 1 0
bruno-site/queue/jobs.go:19.42,33.2 4 0
bruno-site/queue/jobs.go:36.38,49.2 4 0
bruno-site/queue/jobs.go:52.48,66.2 4 0
bruno-site/queue/jobs.go:69.42,82.2 4 0
bruno-site/queue/jobs.go:85.40,99.2 4 0
bruno-site/queue/jobs.go:102.62,103.17 1 0
bruno-site/queue/jobs.go:104.24,105.34 1 0
bruno-site/queue/jobs.go:106.20,107.30 1 0
bruno-site/queue/jobs.go:108.27,109.40 1 0
bruno-site/queue/jobs.go:110.24,111.34 1 0
bruno-site/queue/jobs.go:112.22,113.32 1 0
bruno-site/queue/jobs.go:114.10,115.58 1 0
bruno-site/queue/queue.go:33.58,38.2 1 0
bruno-site/queue/queue.go:49.107,60.16 3 0
bruno-site/queue/queue.go:60.16,62.3 1 0
bruno-site/queue/queue.go:65.2,66.16 2 0
bruno-site/queue/queue.go:66.16,68.3 1 0
bruno-site/queue/queue.go:70.2,71.12 2 0
bruno-site/queue/queue.go:75.79,78.16 2 0
bruno-site/queue/queue.go:78.16,79.23 1 0
bruno-site/queue/queue.go:79.23,81.4 1 0
bruno-site/queue/queue.go:82.3,82.54 1 0
bruno-site/queue/queue.go:85.2,85.22 1 0
bruno-site/queue/queue.go:85.22,87.3 1 0
bruno-site/queue/queue.go:89.2,90.64 2 0
bruno-site/queue/queue.go:90.64,92.3 1 0
bruno-site/queue/queue.go:95.2,96.38 2 0
bruno-site/queue/queue.go:96.38,100.36 2 0
bruno-site/queue/queue.go:100.36,104.4 3 0
bruno-site/queue/queue.go:104.9,107.4 2 0
bruno-site/queue/queue.go:108.3,108.13 1 0
bruno-site/queue/queue.go:111.2,112.12 2 0
bruno-site/queue/queue.go:116.74,119.6 2 0
bruno-site/queue/queue.go:119.6,120.58 1 0
bruno-site/queue/queue.go:120.58,123.4 2 0
bruno-site/queue/queue.go:128.82,136.2 3 0
bruno-site/queue/queue.go:139.59,141.2 1 0
bruno-site/queue/queue.go:144.39,146.2 1 0
bruno-site/serialization/serializer.go:16.53,20.2 1 0
bruno-site/serialization/serializer.go:23.104,28.16 3 0
bruno-site/serialization/serializer.go:28.16,32.3 2 0
bruno-site/serialization/serializer.go:35.2,36.40 2 0
bruno-site/serialization/serializer.go:40.82,43.84 2 0
bruno-site/serialization/serializer.go:43.84,46.3 1 0
bruno-site/serialization/serializer.go:49.2,49.45 1 0
bruno-site/serialization/serializer.go:53.58,54.22 1 0
bruno-site/serialization/serializer.go:54.22,56.3 1 0
bruno-site/serialization/serializer.go:57.2,57.37 1 0
bruno-site/handlers/agent_sre.go:19.65,20.25 1 10
bruno-site/handlers/agent_sre.go:20.25,22.3 1 2
bruno-site/handlers/agent_sre.go:23.2,23.29 1 10
bruno-site/handlers/agent_sre.go:23.29,26.3 1 1
bruno-site/handlers/agent_sre.go:28.2,33.3 1 10
bruno-site/handlers/agent_sre.go:43.84,49.27 3 7
bruno-site/handlers/agent_sre.go:49.27,51.3 1 7
bruno-site/handlers/agent_sre.go:54.2,55.16 2 7
bruno-site/handlers/agent_sre.go:55.16,60.3 2 0
bruno-site/handlers/agent_sre.go:63.2,69.16 5 7
bruno-site/handlers/agent_sre.go:69.16,75.3 2 1
bruno-site/handlers/agent_sre.go:76.2,80.16 3 6
bruno-site/handlers/agent_sre.go:80.16,85.3 2 0
bruno-site/handlers/agent_sre.go:88.2,88.39 1 6
bruno-site/handlers/agent_sre.go:88.39,89.32 1 18
bruno-site/handlers/agent_sre.go:89.32,91.4 1 18
bruno-site/handlers/agent_sre.go:95.2,95.68 1 6
bruno-site/handlers/agent_sre.go:99.48,101.2 1 1
bruno-site/handlers/agent_sre.go:104.51,106.2 1 1
bruno-site/handlers/agent_sre.go:109.55,111.2 1 1
bruno-site/handlers/agent_sre.go:114.58,116.2 1 0
bruno-site/handlers/agent_sre.go:119.50,121.2 1 3
bruno-site/handlers/agent_sre.go:124.49,126.2 1 0
bruno-site/handlers/agent_sre.go:129.50,131.2 1 1
bruno-site/handlers/assets.go:17.67,18.30 1 0
bruno-site/handlers/assets.go:18.30,22.17 2 0
bruno-site/handlers/assets.go:22.17,25.4 2 0
bruno-site/handlers/assets.go:27.3,31.17 3 0
bruno-site/handlers/assets.go:31.17,35.4 3 0
bruno-site/handlers/assets.go:36.3,45.54 6 0
bruno-site/handlers/assets.go:45.54,48.4 2 0
bruno-site/handlers/assets.go:50.3,50.91 1 0
bruno-site/handlers/cloudflare.go:18.80,22.2 1 0
bruno-site/handlers/cloudflare.go:39.56,40.24 1 0
bruno-site/handlers/cloudflare.go:40.24,46.3 2 0
bruno-site/handlers/cloudflare.go:48.2,49.47 2 0
bruno-site/handlers/cloudflare.go:49.47,55.3 2 0
bruno-site/handlers/cloudflare.go:57.2,60.13 3 0
bruno-site/handlers/cloudflare.go:60.13,64.3 2 0
bruno-site/handlers/cloudflare.go:64.8,64.31 1 0
bruno-site/handlers/cloudflare.go:64.31,68.3 2 0
bruno-site/handlers/cloudflare.go:68.8,68.30 1 0
bruno-site/handlers/cloudflare.go:68.30,72.3 2 0
bruno-site/handlers/cloudflare.go:72.8,78.3 2 0
bruno-site/handlers/cloudflare.go:80.2,80.16 1 0
bruno-site/handlers/cloudflare.go:80.16,86.3 2 0
bruno-site/handlers/cloudflare.go:88.2,94.33 2 0
bruno-site/handlers/cloudflare.go:98.58,99.24 1 0
bruno-site/handlers/cloudflare.go:99.24,105.3 2 0
bruno-site/handlers/cloudflare.go:108.2,109.16 2 0
bruno-site/handlers/cloudflare.go:109.16,118.3 2 0
bruno-site/handlers/cloudflare.go:120.2,126.4 1 0
bruno-site/handlers/cloudflare.go:130.57,132.21 2 0
bruno-site/handlers/cloudflare.go:132.21,138.3 2 0
bruno-site/handlers/cloudflare.go:141.2,146.49 5 0
bruno-site/handlers/cloudflare.go:146.49,150.48 3 0
bruno-site/handlers/cloudflare.go:150.48,152.4 1 0
bruno-site/handlers/cloudflare.go:153.3,153.49 1 0
bruno-site/handlers/cloudflare.go:153.49,155.4 1 0
bruno-site/handlers/cloudflare.go:156.3,156.69 1 0
bruno-site/handlers/cloudflare.go:157.8,159.3 1 0
bruno-site/handlers/cloudflare.go:161.2,165.4 1 0
bruno-site/handlers/cloudflare.go:169.61,176.2 2 0
bruno-site/handlers/content.go:19.35,21.2 1 0
bruno-site/handlers/content.go:38.46,39.30 1 0
bruno-site/handlers/content.go:39.30,40.16 1 0
bruno-site/handlers/content.go:40.16,43.4 2 0
bruno-site/handlers/content.go:45.3,46.50 2 0
bruno-site/handlers/content.go:46.50,49.4 2 0
bruno-site/handlers/content.go:51.3,51.34 1 0
bruno-site/handlers/content.go:56.51,57.30 1 0
bruno-site/handlers/content.go:57.30,58.16 1 0
bruno-site/handlers/content.go:58.16,61.4 2 0
bruno-site/handlers/content.go:63.3,65.72 3 0
bruno-site/handlers/content.go:65.72,68.4 2 0
bruno-site/handlers/content.go:70.3,70.33 1 0
bruno-site/handlers/content.go:75.49,76.30 1 0
bruno-site/handlers/content.go:76.30,77.16 1 0
bruno-site/handlers/content.go:77.16,80.4 2 0
bruno-site/handlers/content.go:82.3,83.52 2 0
bruno-site/handlers/content.go:83.52,86.4 2 0
bruno-site/handlers/content.go:88.3,88.51 1 0
bruno-site/handlers/content.go:88.51,91.4 2 0
bruno-site/handlers/content.go:93.3,93.38 1 0
bruno-site/handlers/content.go:98.49,99.30 1 0
bruno-site/handlers/content.go:99.30,100.16 1 0
bruno-site/handlers/content.go:100.16,103.4 2 0
bruno-site/handlers/content.go:105.3,107.54 3 0
bruno-site/handlers/content.go:107.54,110.4 2 0
bruno-site/handlers/content.go:112.3,112.52 1 0
bruno-site/handlers/content.go:112.52,115.4 2 0
bruno-site/handlers/content.go:117.3,117.49 1 0
bruno-site/handlers/content.go:117.49,120.4 2 0
bruno-site/handlers/content.go:122.3,122.33 1 0
bruno-site/handlers/content.go:127.49,128.30 1 0
bruno-site/handlers/content.go:128.30,129.16 1 0
bruno-site/handlers/content.go:129.16,132.4 2 0
bruno-site/handlers/content.go:134.3,135.57 2 0
bruno-site/handlers/content.go:135.57,138.4 2 0
bruno-site/handlers/content.go:140.3,140.61 1 0
bruno-site/handlers/content.go:145.44,146.30 1 0
bruno-site/handlers/content.go:146.30,147.16 1 0
bruno-site/handlers/content.go:147.16,150.4 2 0
bruno-site/handlers/content.go:152.3,153.76 2 0
bruno-site/handlers/content.go:153.76,156.4 2 0
bruno-site/handlers/content.go:158.3,159.67 2 0
bruno-site/handlers/content.go:159.67,162.4 2 0
bruno-site/handlers/content.go:164.3,164.35 1 0
bruno-site/handlers/content.go:169.47,170.30 1 0
bruno-site/handlers/content.go:170.30,171.16 1 0
bruno-site/handlers/content.go:171.16,174.4 2 0
bruno-site/handlers/content.go:176.3,177.54 2 0
bruno-site/handlers/content.go:177.54,180.4 2 0
bruno-site/handlers/content.go:182.3,183.17 2 0
bruno-site/handlers/content.go:183.17,186.4 2 0
bruno-site/handlers/content.go:188.3,190.26 3 0
bruno-site/handlers/content.go:190.26,196.52 2 0
bruno-site/handlers/content.go:196.52,199.5 2 0
bruno-site/handlers/content.go:200.9,203.50 2 0
bruno-site/handlers/content.go:203.50,206.5 2 0
bruno-site/handlers/content.go:209.3,209.35 1 0
bruno-site/handlers/content.go:214.46,215.30 1 0
bruno-site/handlers/content.go:215.30,216.16 1 0
bruno-site/handlers/content.go:216.16,219.4 2 0
bruno-site/handlers/content.go:221.3,222.78 2 0
bruno-site/handlers/content.go:222.78,225.4 2 0
bruno-site/handlers/content.go:227.3,228.69 2 0
bruno-site/handlers/content.go:228.69,231.4 2 0
bruno-site/handlers/content.go:233.3,233.37 1 0
bruno-site/handlers/content.go:238.49,239.30 1 0
bruno-site/handlers/content.go:239.30,240.16 1 0
bruno-site/handlers/content.go:240.16,243.4 2 0
bruno-site/handlers/content.go:245.3,246.56 2 0
bruno-site/handlers/content.go:246.56,249.4 2 0
bruno-site/handlers/content.go:251.3,252.17 2 0
bruno-site/handlers/content.go:252.17,255.4 2 0
bruno-site/handlers/content.go:257.3,259.26 3 0
bruno-site/handlers/content.go:259.26,265.52 2 0
bruno-site/handlers/content.go:265.52,268.5 2 0
bruno-site/handlers/content.go:269.9,272.50 2 0
bruno-site/handlers/content.go:272.50,275.5 2 0
bruno-site/handlers/content.go:278.3,278.37 1 0
bruno-site/handlers/experiences.go:29.38,31.2 1 6
bruno-site/handlers/experiences.go:34.50,35.30 1 5
bruno-site/handlers/experiences.go:35.30,38.16 2 5
bruno-site/handlers/experiences.go:38.16,42.4 3 2
bruno-site/handlers/experiences.go:44.3,47.41 2 3
bruno-site/handlers/experiences.go:47.41,53.4 4 0
bruno-site/handlers/experiences.go:56.3,59.37 3 3
bruno-site/handlers/experiences.go:64.49,65.30 1 3
bruno-site/handlers/experiences.go:65.30,68.16 2 3
bruno-site/handlers/experiences.go:68.16,72.4 3 1
bruno-site/handlers/experiences.go:74.3,76.83 3 2
bruno-site/handlers/experiences.go:76.83,77.37 1 1
bruno-site/handlers/experiences.go:77.37,79.5 1 1
bruno-site/handlers/experiences.go:79.10,82.5 2 0
bruno-site/handlers/experiences.go:83.4,84.10 2 1
bruno-site/handlers/experiences.go:88.3,91.36 3 1
bruno-site/handlers/experiences.go:96.52,97.30 1 0
bruno-site/handlers/experiences.go:97.30,98.16 1 0
bruno-site/handlers/experiences.go:98.16,101.4 2 0
bruno-site/handlers/experiences.go:103.3,104.55 2 0
bruno-site/handlers/experiences.go:104.55,107.4 2 0
bruno-site/handlers/experiences.go:110.3,112.54 2 0
bruno-site/handlers/experiences.go:112.54,115.4 2 0
bruno-site/handlers/experiences.go:117.3,117.41 1 0
bruno-site/handlers/experiences.go:122.52,123.30 1 0
bruno-site/handlers/experiences.go:123.30,124.16 1 0
bruno-site/handlers/experiences.go:124.16,127.4 2 0
bruno-site/handlers/experiences.go:129.3,131.57 3 0
bruno-site/handlers/experiences.go:131.57,134.4 2 0
bruno-site/handlers/experiences.go:136.3,136.55 1 0
bruno-site/handlers/experiences.go:136.55,139.4 2 0
bruno-site/handlers/experiences.go:141.3,141.52 1 0
bruno-site/handlers/experiences.go:141.52,144.4 2 0
bruno-site/handlers/experiences.go:146.3,146.36 1 0
bruno-site/handlers/experiences.go:151.52,152.30 1 0
bruno-site/handlers/experiences.go:152.30,153.16 1 0
bruno-site/handlers/experiences.go:153.16,156.4 2 0
bruno-site/handlers/experiences.go:158.3,159.99 2 0
bruno-site/handlers/experiences.go:159.99,162.4 2 0
bruno-site/handlers/experiences.go:164.3,164.64 1 0
bruno-site/handlers/health.go:10.34,16.2 1 0
bruno-site/handlers/projects.go:27.47,28.30 1 8
bruno-site/handlers/projects.go:28.30,33.16 2 8
bruno-site/handlers/projects.go:33.16,38.4 4 3
bruno-site/handlers/projects.go:41.3,42.50 2 5
bruno-site/handlers/projects.go:42.50,45.37 2 2
bruno-site/handlers/projects.go:45.37,47.5 1 0
bruno-site/handlers/projects.go:48.4,52.10 4 2
bruno-site/handlers/projects.go:56.3,59.34 3 3
bruno-site/handlers/projects.go:64.46,65.30 1 0
bruno-site/handlers/projects.go:65.30,66.16 1 0
bruno-site/handlers/projects.go:66.16,69.4 2 0
bruno-site/handlers/projects.go:71.3,73.54 3 0
bruno-site/handlers/projects.go:73.54,76.4 2 0
bruno-site/handlers/projects.go:78.3,78.33 1 0
bruno-site/handlers/projects.go:83.49,84.30 1 0
bruno-site/handlers/projects.go:84.30,85.16 1 0
bruno-site/handlers/projects.go:85.16,88.4 2 0
bruno-site/handlers/projects.go:90.3,91.52 2 0
bruno-site/handlers/projects.go:91.52,94.4 2 0
bruno-site/handlers/projects.go:96.3,96.51 1 0
bruno-site/handlers/projects.go:96.51,99.4 2 0
bruno-site/handlers/projects.go:101.3,101.38 1 0
bruno-site/handlers/projects.go:106.49,107.30 1 0
bruno-site/handlers/projects.go:107.30,108.16 1 0
bruno-site/handlers/projects.go:108.16,111.4 2 0
bruno-site/handlers/projects.go:113.3,115.54 3 0
bruno-site/handlers/projects.go:115.54,118.4 2 0
bruno-site/handlers/projects.go:120.3,120.52 1 0
bruno-site/handlers/projects.go:120.52,123.4 2 0
bruno-site/handlers/projects.go:125.3,125.49 1 0
bruno-site/handlers/projects.go:125.49,128.4 2 0
bruno-site/handlers/projects.go:130.3,130.33 1 0
bruno-site/handlers/projects.go:135.49,136.30 1 0
bruno-site/handlers/projects.go:136.30,137.16 1 0
bruno-site/handlers/projects.go:137.16,140.4 2 0
bruno-site/handlers/projects.go:142.3,143.57 2 0
bruno-site/handlers/projects.go:143.57,146.4 2 0
bruno-site/handlers/projects.go:148.3,148.61 1 0
bruno-site/handlers/skills.go:22.45,23.30 1 3
bruno-site/handlers/skills.go:23.30,24.16 1 3
bruno-site/handlers/skills.go:24.16,27.4 2 1
bruno-site/handlers/skills.go:29.3,32.36 2 2
bruno-site/handlers/skills.go:32.36,35.4 2 0
bruno-site/handlers/skills.go:37.3,37.32 1 2
bruno-site/handlers/skills.go:42.44,43.30 1 3
bruno-site/handlers/skills.go:43.30,44.16 1 3
bruno-site/handlers/skills.go:44.16,47.4 2 1
bruno-site/handlers/skills.go:49.3,51.78 3 2
bruno-site/handlers/skills.go:51.78,54.4 2 1
bruno-site/handlers/skills.go:56.3,56.31 1 1
bruno-site/handlers/skills.go:61.47,62.30 1 2
bruno-site/handlers/skills.go:62.30,63.16 1 2
bruno-site/handlers/skills.go:63.16,66.4 2 1
bruno-site/handlers/skills.go:68.3,69.50 2 1
bruno-site/handlers/skills.go:69.50,72.4 2 0
bruno-site/handlers/skills.go:75.3,77.49 2 1
bruno-site/handlers/skills.go:77.49,80.4 2 0
bruno-site/handlers/skills.go:82.3,82.36 1 1
bruno-site/handlers/skills.go:87.47,88.30 1 2
bruno-site/handlers/skills.go:88.30,89.16 1 2
bruno-site/handlers/skills.go:89.16,92.4 2 1
bruno-site/handlers/skills.go:94.3,96.52 3 1
bruno-site/handlers/skills.go:96.52,99.4 2 1
bruno-site/handlers/skills.go:101.3,101.50 1 0
bruno-site/handlers/skills.go:101.50,104.4 2 0
bruno-site/handlers/skills.go:106.3,106.47 1 0
bruno-site/handlers/skills.go:106.47,109.4 2 0
bruno-site/handlers/skills.go:111.3,111.31 1 0
bruno-site/handlers/skills.go:116.47,117.30 1 2
bruno-site/handlers/skills.go:117.30,118.16 1 2
bruno-site/handlers/skills.go:118.16,121.4 2 1
bruno-site/handlers/skills.go:123.3,124.94 2 1
bruno-site/handlers/skills.go:124.94,127.4 2 0
bruno-site/handlers/skills.go:129.3,129.59 1 1
bruno-site/metrics/metrics.go:137.48,139.2 1 4
bruno-site/metrics/metrics.go:142.34,144.2 1 3
bruno-site/metrics/metrics.go:147.51,149.2 1 3
bruno-site/metrics/metrics.go:152.38,154.2 1 2
bruno-site/metrics/metrics.go:157.41,159.2 1 3
bruno-site/metrics/metrics.go:162.41,164.2 1 3
bruno-site/metrics/metrics.go:167.54,169.2 1 3
bruno-site/metrics/metrics.go:172.50,174.2 1 3
bruno-site/metrics/metrics.go:177.36,179.2 1 2
